<?xml version="1.0" encoding="UTF-8"?>
<testsuite xmlns:xsi="http://www.w3.org/2001/XMLSchema-instance" xsi:noNamespaceSchemaLocation="https://maven.apache.org/surefire/maven-surefire-plugin/xsd/surefire-test-report.xsd" name="com.learning.grpc.AppTest" time="0.071" tests="1" errors="0" skipped="0" failures="0">
  <properties>
    <property name="gopherProxySet" value="false"/>
    <property name="awt.toolkit" value="sun.lwawt.macosx.LWCToolkit"/>
    <property name="java.specification.version" value="11"/>
    <property name="sun.cpu.isalist" value=""/>
    <property name="sun.jnu.encoding" value="UTF-8"/>
    <property name="java.class.path" value="/Users/varianto.prawira/Documents/java/grpc-learning/target/test-classes:/Users/varianto.prawira/Documents/java/grpc-learning/target/classes:/Users/varianto.prawira/.m2/repository/org/postgresql/postgresql/42.5.0/postgresql-42.5.0.jar:/Users/varianto.prawira/.m2/repository/org/checkerframework/checker-qual/3.5.0/checker-qual-3.5.0.jar:/Users/varianto.prawira/.m2/repository/org/hibernate/hibernate-core/5.2.6.Final/hibernate-core-5.2.6.Final.jar:/Users/varianto.prawira/.m2/repository/org/jboss/logging/jboss-logging/3.3.0.Final/jboss-logging-3.3.0.Final.jar:/Users/varianto.prawira/.m2/repository/org/hibernate/javax/persistence/hibernate-jpa-2.1-api/1.0.0.Final/hibernate-jpa-2.1-api-1.0.0.Final.jar:/Users/varianto.prawira/.m2/repository/org/javassist/javassist/3.20.0-GA/javassist-3.20.0-GA.jar:/Users/varianto.prawira/.m2/repository/antlr/antlr/2.7.7/antlr-2.7.7.jar:/Users/varianto.prawira/.m2/repository/org/apache/geronimo/specs/geronimo-jta_1.1_spec/1.1.1/geronimo-jta_1.1_spec-1.1.1.jar:/Users/varianto.prawira/.m2/repository/org/jboss/jandex/2.0.3.Final/jandex-2.0.3.Final.jar:/Users/varianto.prawira/.m2/repository/com/fasterxml/classmate/1.3.0/classmate-1.3.0.jar:/Users/varianto.prawira/.m2/repository/dom4j/dom4j/1.6.1/dom4j-1.6.1.jar:/Users/varianto.prawira/.m2/repository/org/hibernate/common/hibernate-commons-annotations/5.0.1.Final/hibernate-commons-annotations-5.0.1.Final.jar:/Users/varianto.prawira/.m2/repository/javax/enterprise/cdi-api/1.1/cdi-api-1.1.jar:/Users/varianto.prawira/.m2/repository/javax/el/el-api/2.2/el-api-2.2.jar:/Users/varianto.prawira/.m2/repository/org/jboss/spec/javax/interceptor/jboss-interceptors-api_1.1_spec/1.0.0.Beta1/jboss-interceptors-api_1.1_spec-1.0.0.Beta1.jar:/Users/varianto.prawira/.m2/repository/javax/annotation/jsr250-api/1.0/jsr250-api-1.0.jar:/Users/varianto.prawira/.m2/repository/javax/inject/javax.inject/1/javax.inject-1.jar:/Users/varianto.prawira/.m2/repository/junit/junit/4.11/junit-4.11.jar:/Users/varianto.prawira/.m2/repository/org/hamcrest/hamcrest-core/1.3/hamcrest-core-1.3.jar:/Users/varianto.prawira/.m2/repository/io/grpc/grpc-netty/1.16.1/grpc-netty-1.16.1.jar:/Users/varianto.prawira/.m2/repository/io/grpc/grpc-core/1.16.1/grpc-core-1.16.1.jar:/Users/varianto.prawira/.m2/repository/io/grpc/grpc-context/1.16.1/grpc-context-1.16.1.jar:/Users/varianto.prawira/.m2/repository/com/google/code/gson/gson/2.7/gson-2.7.jar:/Users/varianto.prawira/.m2/repository/com/google/errorprone/error_prone_annotations/2.2.0/error_prone_annotations-2.2.0.jar:/Users/varianto.prawira/.m2/repository/com/google/code/findbugs/jsr305/3.0.2/jsr305-3.0.2.jar:/Users/varianto.prawira/.m2/repository/org/codehaus/mojo/animal-sniffer-annotations/1.17/animal-sniffer-annotations-1.17.jar:/Users/varianto.prawira/.m2/repository/io/opencensus/opencensus-api/0.12.3/opencensus-api-0.12.3.jar:/Users/varianto.prawira/.m2/repository/io/opencensus/opencensus-contrib-grpc-metrics/0.12.3/opencensus-contrib-grpc-metrics-0.12.3.jar:/Users/varianto.prawira/.m2/repository/io/netty/netty-codec-http2/4.1.30.Final/netty-codec-http2-4.1.30.Final.jar:/Users/varianto.prawira/.m2/repository/io/netty/netty-codec-http/4.1.30.Final/netty-codec-http-4.1.30.Final.jar:/Users/varianto.prawira/.m2/repository/io/netty/netty-codec/4.1.30.Final/netty-codec-4.1.30.Final.jar:/Users/varianto.prawira/.m2/repository/io/netty/netty-handler/4.1.30.Final/netty-handler-4.1.30.Final.jar:/Users/varianto.prawira/.m2/repository/io/netty/netty-buffer/4.1.30.Final/netty-buffer-4.1.30.Final.jar:/Users/varianto.prawira/.m2/repository/io/netty/netty-common/4.1.30.Final/netty-common-4.1.30.Final.jar:/Users/varianto.prawira/.m2/repository/io/netty/netty-handler-proxy/4.1.30.Final/netty-handler-proxy-4.1.30.Final.jar:/Users/varianto.prawira/.m2/repository/io/netty/netty-transport/4.1.30.Final/netty-transport-4.1.30.Final.jar:/Users/varianto.prawira/.m2/repository/io/netty/netty-resolver/4.1.30.Final/netty-resolver-4.1.30.Final.jar:/Users/varianto.prawira/.m2/repository/io/netty/netty-codec-socks/4.1.30.Final/netty-codec-socks-4.1.30.Final.jar:/Users/varianto.prawira/.m2/repository/io/grpc/grpc-protobuf/1.16.1/grpc-protobuf-1.16.1.jar:/Users/varianto.prawira/.m2/repository/com/google/protobuf/protobuf-java/3.5.1/protobuf-java-3.5.1.jar:/Users/varianto.prawira/.m2/repository/com/google/guava/guava/26.0-android/guava-26.0-android.jar:/Users/varianto.prawira/.m2/repository/org/checkerframework/checker-compat-qual/2.5.2/checker-compat-qual-2.5.2.jar:/Users/varianto.prawira/.m2/repository/com/google/j2objc/j2objc-annotations/1.1/j2objc-annotations-1.1.jar:/Users/varianto.prawira/.m2/repository/com/google/api/grpc/proto-google-common-protos/1.0.0/proto-google-common-protos-1.0.0.jar:/Users/varianto.prawira/.m2/repository/io/grpc/grpc-protobuf-lite/1.16.1/grpc-protobuf-lite-1.16.1.jar:/Users/varianto.prawira/.m2/repository/io/grpc/grpc-stub/1.16.1/grpc-stub-1.16.1.jar:/Users/varianto.prawira/.m2/repository/javax/annotation/javax.annotation-api/1.3.2/javax.annotation-api-1.3.2.jar:/Users/varianto.prawira/.m2/repository/org/projectlombok/lombok/1.18.24/lombok-1.18.24.jar:"/>
    <property name="java.vm.vendor" value="Oracle Corporation"/>
    <property name="sun.arch.data.model" value="64"/>
    <property name="java.vendor.url" value="http://java.oracle.com/"/>
    <property name="user.timezone" value=""/>
    <property name="java.vm.specification.version" value="11"/>
    <property name="os.name" value="Mac OS X"/>
    <property name="sun.java.launcher" value="SUN_STANDARD"/>
    <property name="user.country" value="ID"/>
    <property name="sun.boot.library.path" value="/Users/varianto.prawira/Library/Java/JavaVirtualMachines/jdk-11.0.2.jdk/Contents/Home/lib"/>
    <property name="sun.java.command" value="/Users/varianto.prawira/Documents/java/grpc-learning/target/surefire/surefirebooter16508404575471956497.jar /Users/varianto.prawira/Documents/java/grpc-learning/target/surefire 2022-10-10T17-37-19_495-jvmRun1 surefire2617715008638747188tmp surefire_02032049693027188089tmp"/>
    <property name="jdk.debug" value="release"/>
    <property name="surefire.test.class.path" value="/Users/varianto.prawira/Documents/java/grpc-learning/target/test-classes:/Users/varianto.prawira/Documents/java/grpc-learning/target/classes:/Users/varianto.prawira/.m2/repository/org/postgresql/postgresql/42.5.0/postgresql-42.5.0.jar:/Users/varianto.prawira/.m2/repository/org/checkerframework/checker-qual/3.5.0/checker-qual-3.5.0.jar:/Users/varianto.prawira/.m2/repository/org/hibernate/hibernate-core/5.2.6.Final/hibernate-core-5.2.6.Final.jar:/Users/varianto.prawira/.m2/repository/org/jboss/logging/jboss-logging/3.3.0.Final/jboss-logging-3.3.0.Final.jar:/Users/varianto.prawira/.m2/repository/org/hibernate/javax/persistence/hibernate-jpa-2.1-api/1.0.0.Final/hibernate-jpa-2.1-api-1.0.0.Final.jar:/Users/varianto.prawira/.m2/repository/org/javassist/javassist/3.20.0-GA/javassist-3.20.0-GA.jar:/Users/varianto.prawira/.m2/repository/antlr/antlr/2.7.7/antlr-2.7.7.jar:/Users/varianto.prawira/.m2/repository/org/apache/geronimo/specs/geronimo-jta_1.1_spec/1.1.1/geronimo-jta_1.1_spec-1.1.1.jar:/Users/varianto.prawira/.m2/repository/org/jboss/jandex/2.0.3.Final/jandex-2.0.3.Final.jar:/Users/varianto.prawira/.m2/repository/com/fasterxml/classmate/1.3.0/classmate-1.3.0.jar:/Users/varianto.prawira/.m2/repository/dom4j/dom4j/1.6.1/dom4j-1.6.1.jar:/Users/varianto.prawira/.m2/repository/org/hibernate/common/hibernate-commons-annotations/5.0.1.Final/hibernate-commons-annotations-5.0.1.Final.jar:/Users/varianto.prawira/.m2/repository/javax/enterprise/cdi-api/1.1/cdi-api-1.1.jar:/Users/varianto.prawira/.m2/repository/javax/el/el-api/2.2/el-api-2.2.jar:/Users/varianto.prawira/.m2/repository/org/jboss/spec/javax/interceptor/jboss-interceptors-api_1.1_spec/1.0.0.Beta1/jboss-interceptors-api_1.1_spec-1.0.0.Beta1.jar:/Users/varianto.prawira/.m2/repository/javax/annotation/jsr250-api/1.0/jsr250-api-1.0.jar:/Users/varianto.prawira/.m2/repository/javax/inject/javax.inject/1/javax.inject-1.jar:/Users/varianto.prawira/.m2/repository/junit/junit/4.11/junit-4.11.jar:/Users/varianto.prawira/.m2/repository/org/hamcrest/hamcrest-core/1.3/hamcrest-core-1.3.jar:/Users/varianto.prawira/.m2/repository/io/grpc/grpc-netty/1.16.1/grpc-netty-1.16.1.jar:/Users/varianto.prawira/.m2/repository/io/grpc/grpc-core/1.16.1/grpc-core-1.16.1.jar:/Users/varianto.prawira/.m2/repository/io/grpc/grpc-context/1.16.1/grpc-context-1.16.1.jar:/Users/varianto.prawira/.m2/repository/com/google/code/gson/gson/2.7/gson-2.7.jar:/Users/varianto.prawira/.m2/repository/com/google/errorprone/error_prone_annotations/2.2.0/error_prone_annotations-2.2.0.jar:/Users/varianto.prawira/.m2/repository/com/google/code/findbugs/jsr305/3.0.2/jsr305-3.0.2.jar:/Users/varianto.prawira/.m2/repository/org/codehaus/mojo/animal-sniffer-annotations/1.17/animal-sniffer-annotations-1.17.jar:/Users/varianto.prawira/.m2/repository/io/opencensus/opencensus-api/0.12.3/opencensus-api-0.12.3.jar:/Users/varianto.prawira/.m2/repository/io/opencensus/opencensus-contrib-grpc-metrics/0.12.3/opencensus-contrib-grpc-metrics-0.12.3.jar:/Users/varianto.prawira/.m2/repository/io/netty/netty-codec-http2/4.1.30.Final/netty-codec-http2-4.1.30.Final.jar:/Users/varianto.prawira/.m2/repository/io/netty/netty-codec-http/4.1.30.Final/netty-codec-http-4.1.30.Final.jar:/Users/varianto.prawira/.m2/repository/io/netty/netty-codec/4.1.30.Final/netty-codec-4.1.30.Final.jar:/Users/varianto.prawira/.m2/repository/io/netty/netty-handler/4.1.30.Final/netty-handler-4.1.30.Final.jar:/Users/varianto.prawira/.m2/repository/io/netty/netty-buffer/4.1.30.Final/netty-buffer-4.1.30.Final.jar:/Users/varianto.prawira/.m2/repository/io/netty/netty-common/4.1.30.Final/netty-common-4.1.30.Final.jar:/Users/varianto.prawira/.m2/repository/io/netty/netty-handler-proxy/4.1.30.Final/netty-handler-proxy-4.1.30.Final.jar:/Users/varianto.prawira/.m2/repository/io/netty/netty-transport/4.1.30.Final/netty-transport-4.1.30.Final.jar:/Users/varianto.prawira/.m2/repository/io/netty/netty-resolver/4.1.30.Final/netty-resolver-4.1.30.Final.jar:/Users/varianto.prawira/.m2/repository/io/netty/netty-codec-socks/4.1.30.Final/netty-codec-socks-4.1.30.Final.jar:/Users/varianto.prawira/.m2/repository/io/grpc/grpc-protobuf/1.16.1/grpc-protobuf-1.16.1.jar:/Users/varianto.prawira/.m2/repository/com/google/protobuf/protobuf-java/3.5.1/protobuf-java-3.5.1.jar:/Users/varianto.prawira/.m2/repository/com/google/guava/guava/26.0-android/guava-26.0-android.jar:/Users/varianto.prawira/.m2/repository/org/checkerframework/checker-compat-qual/2.5.2/checker-compat-qual-2.5.2.jar:/Users/varianto.prawira/.m2/repository/com/google/j2objc/j2objc-annotations/1.1/j2objc-annotations-1.1.jar:/Users/varianto.prawira/.m2/repository/com/google/api/grpc/proto-google-common-protos/1.0.0/proto-google-common-protos-1.0.0.jar:/Users/varianto.prawira/.m2/repository/io/grpc/grpc-protobuf-lite/1.16.1/grpc-protobuf-lite-1.16.1.jar:/Users/varianto.prawira/.m2/repository/io/grpc/grpc-stub/1.16.1/grpc-stub-1.16.1.jar:/Users/varianto.prawira/.m2/repository/javax/annotation/javax.annotation-api/1.3.2/javax.annotation-api-1.3.2.jar:/Users/varianto.prawira/.m2/repository/org/projectlombok/lombok/1.18.24/lombok-1.18.24.jar:"/>
    <property name="sun.cpu.endian" value="little"/>
    <property name="user.home" value="/Users/varianto.prawira"/>
    <property name="user.language" value="en"/>
    <property name="java.specification.vendor" value="Oracle Corporation"/>
    <property name="java.version.date" value="2019-01-15"/>
    <property name="java.home" value="/Users/varianto.prawira/Library/Java/JavaVirtualMachines/jdk-11.0.2.jdk/Contents/Home"/>
    <property name="file.separator" value="/"/>
    <property name="basedir" value="/Users/varianto.prawira/Documents/java/grpc-learning"/>
    <property name="java.vm.compressedOopsMode" value="Zero based"/>
    <property name="line.separator" value="&#10;"/>
    <property name="java.specification.name" value="Java Platform API Specification"/>
    <property name="java.vm.specification.vendor" value="Oracle Corporation"/>
    <property name="java.awt.graphicsenv" value="sun.awt.CGraphicsEnvironment"/>
    <property name="surefire.real.class.path" value="/Users/varianto.prawira/Documents/java/grpc-learning/target/surefire/surefirebooter16508404575471956497.jar"/>
    <property name="sun.management.compiler" value="HotSpot 64-Bit Tiered Compilers"/>
    <property name="java.runtime.version" value="11.0.2+9"/>
    <property name="user.name" value="varianto.prawira"/>
    <property name="path.separator" value=":"/>
    <property name="os.version" value="10.16"/>
    <property name="java.runtime.name" value="OpenJDK Runtime Environment"/>
    <property name="file.encoding" value="UTF-8"/>
    <property name="java.vm.name" value="OpenJDK 64-Bit Server VM"/>
    <property name="java.vendor.version" value="18.9"/>
    <property name="localRepository" value="/Users/varianto.prawira/.m2/repository"/>
    <property name="java.vendor.url.bug" value="http://bugreport.java.com/bugreport/"/>
    <property name="java.io.tmpdir" value="/var/folders/29/5ymys87x4fv0wzdll2sjvm_r0000gn/T/"/>
    <property name="java.version" value="11.0.2"/>
    <property name="user.dir" value="/Users/varianto.prawira/Documents/java/grpc-learning"/>
    <property name="os.arch" value="x86_64"/>
    <property name="java.vm.specification.name" value="Java Virtual Machine Specification"/>
    <property name="java.awt.printerjob" value="sun.lwawt.macosx.CPrinterJob"/>
    <property name="sun.os.patch.level" value="unknown"/>
    <property name="java.library.path" value="/Users/varianto.prawira/Library/Java/Extensions:/Library/Java/Extensions:/Network/Library/Java/Extensions:/System/Library/Java/Extensions:/usr/lib/java:."/>
    <property name="java.vendor" value="Oracle Corporation"/>
    <property name="java.vm.info" value="mixed mode"/>
    <property name="java.vm.version" value="11.0.2+9"/>
    <property name="sun.io.unicode.encoding" value="UnicodeBig"/>
    <property name="java.class.version" value="55.0"/>
  </properties>
  <testcase name="shouldAnswerWithTrue" classname="com.learning.grpc.AppTest" time="0.002"/>
</testsuite>